[    0.000000] Initializing cgroup subsys cpuset
[    0.000000] Initializing cgroup subsys cpu
[    0.000000] Initializing cgroup subsys cpuacct
[    0.000000] Linux version 4.4.0-210-generic (buildd@lgw01-amd64-009) (gcc version 5.4.0 20160609 (Ubuntu 5.4.0-6ubuntu1~16.04.12) ) #242-Ubuntu SMP Fri Apr 16 09:57:56 UTC 2021 (Ubuntu 4.4.0-210.242-generic 4.4.262)
[    0.000000] Command line: BOOT_IMAGE=/boot/vmlinuz-4.4.0-210-generic root=LABEL=cloudimg-rootfs ro console=tty1 console=ttyS0
[    0.000000] KERNEL supported cpus:
[    0.000000]   Intel GenuineIntel
[    0.000000]   AMD AuthenticAMD
[    0.000000]   Centaur CentaurHauls
[    0.000000] x86/fpu: xstate_offset[2]:  576, xstate_sizes[2]:  256
[    0.000000] x86/fpu: Supporting XSAVE feature 0x01: 'x87 floating point registers'
[    0.000000] x86/fpu: Supporting XSAVE feature 0x02: 'SSE registers'
[    0.000000] x86/fpu: Supporting XSAVE feature 0x04: 'AVX registers'
[    0.000000] x86/fpu: Enabled xstate features 0x7, context size is 832 bytes, using 'standard' format.
[    0.000000] e820: BIOS-provided physical RAM map:
[    0.000000] BIOS-e820: [mem 0x0000000000000000-0x000000000009fbff] usable
[    0.000000] BIOS-e820: [mem 0x000000000009fc00-0x000000000009ffff] reserved
[    0.000000] BIOS-e820: [mem 0x00000000000f0000-0x00000000000fffff] reserved
[    0.000000] BIOS-e820: [mem 0x0000000000100000-0x000000003ffeffff] usable
[    0.000000] BIOS-e820: [mem 0x000000003fff0000-0x000000003fffffff] ACPI data
[    0.000000] BIOS-e820: [mem 0x00000000fec00000-0x00000000fec00fff] reserved
[    0.000000] BIOS-e820: [mem 0x00000000fee00000-0x00000000fee00fff] reserved
[    0.000000] BIOS-e820: [mem 0x00000000fffc0000-0x00000000ffffffff] reserved
[    0.000000] NX (Execute Disable) protection: active
[    0.000000] SMBIOS 2.5 present.
[    0.000000] Hypervisor detected: KVM
[    0.000000] e820: last_pfn = 0x3fff0 max_arch_pfn = 0x400000000
[    0.000000] MTRR: Disabled
[    0.000000] x86/PAT: MTRRs disabled, skipping PAT initialization too.
[    0.000000] CPU MTRRs all blank - virtualized system.
[    0.000000] x86/PAT: Configuration [0-7]: WB  WT  UC- UC  WB  WT  UC- UC  
[    0.000000] found SMP MP-table at [mem 0x0009fff0-0x0009ffff] mapped at [ffff88000009fff0]
[    0.000000] Scanning 1 areas for low memory corruption
[    0.000000] RAMDISK: [mem 0x362dc000-0x37165fff]
[    0.000000] ACPI: Early table checksum verification disabled
[    0.000000] ACPI: RSDP 0x00000000000E0000 000024 (v02 VBOX  )
[    0.000000] ACPI: XSDT 0x000000003FFF0030 00003C (v01 VBOX   VBOXXSDT 00000001 ASL  00000061)
[    0.000000] ACPI: FACP 0x000000003FFF00F0 0000F4 (v04 VBOX   VBOXFACP 00000001 ASL  00000061)
[    0.000000] ACPI: DSDT 0x000000003FFF0470 002325 (v02 VBOX   VBOXBIOS 00000002 INTL 20190509)
[    0.000000] ACPI: FACS 0x000000003FFF0200 000040
[    0.000000] ACPI: FACS 0x000000003FFF0200 000040
[    0.000000] ACPI: APIC 0x000000003FFF0240 00005C (v02 VBOX   VBOXAPIC 00000001 ASL  00000061)
[    0.000000] ACPI: SSDT 0x000000003FFF02A0 0001CC (v01 VBOX   VBOXCPUT 00000002 INTL 20190509)
[    0.000000] No NUMA configuration found
[    0.000000] Faking a node at [mem 0x0000000000000000-0x000000003ffeffff]
[    0.000000] NODE_DATA(0) allocated [mem 0x3ffeb000-0x3ffeffff]
[    0.000000] kvm-clock: Using msrs 4b564d01 and 4b564d00
[    0.000000] kvm-clock: cpu 0, msr 0:3ffe3001, primary cpu clock
[    0.000000] kvm-clock: using sched offset of 3771442262 cycles
[    0.000000] clocksource: kvm-clock: mask: 0xffffffffffffffff max_cycles: 0x1cd42e4dffb, max_idle_ns: 881590591483 ns
[    0.000000] Zone ranges:
[    0.000000]   DMA      [mem 0x0000000000001000-0x0000000000ffffff]
[    0.000000]   DMA32    [mem 0x0000000001000000-0x000000003ffeffff]
[    0.000000]   Normal   empty
[    0.000000]   Device   empty
[    0.000000] Movable zone start for each node
[    0.000000] Early memory node ranges
[    0.000000]   node   0: [mem 0x0000000000001000-0x000000000009efff]
[    0.000000]   node   0: [mem 0x0000000000100000-0x000000003ffeffff]
[    0.000000] Initmem setup node 0 [mem 0x0000000000001000-0x000000003ffeffff]
[    0.000000] ACPI: PM-Timer IO Port: 0x4008
[    0.000000] IOAPIC[0]: apic_id 2, version 32, address 0xfec00000, GSI 0-23
[    0.000000] ACPI: INT_SRC_OVR (bus 0 bus_irq 0 global_irq 2 dfl dfl)
[    0.000000] ACPI: INT_SRC_OVR (bus 0 bus_irq 9 global_irq 9 low level)
[    0.000000] Using ACPI (MADT) for SMP configuration information
[    0.000000] smpboot: Allowing 2 CPUs, 0 hotplug CPUs
[    0.000000] PM: Registered nosave memory: [mem 0x00000000-0x00000fff]
[    0.000000] PM: Registered nosave memory: [mem 0x0009f000-0x0009ffff]
[    0.000000] PM: Registered nosave memory: [mem 0x000a0000-0x000effff]
[    0.000000] PM: Registered nosave memory: [mem 0x000f0000-0x000fffff]
[    0.000000] e820: [mem 0x40000000-0xfebfffff] available for PCI devices
[    0.000000] Booting paravirtualized kernel on KVM
[    0.000000] clocksource: refined-jiffies: mask: 0xffffffff max_cycles: 0xffffffff, max_idle_ns: 7645519600211568 ns
[    0.000000] setup_percpu: NR_CPUS:512 nr_cpumask_bits:512 nr_cpu_ids:2 nr_node_ids:1
[    0.000000] PERCPU: Embedded 33 pages/cpu @ffff88003fc00000 s95192 r8192 d31784 u1048576
[    0.000000] Built 1 zonelists in Node order, mobility grouping on.  Total pages: 257912
[    0.000000] Policy zone: DMA32
[    0.000000] Kernel command line: BOOT_IMAGE=/boot/vmlinuz-4.4.0-210-generic root=LABEL=cloudimg-rootfs ro console=tty1 console=ttyS0
[    0.000000] PID hash table entries: 4096 (order: 3, 32768 bytes)
[    0.000000] Memory: 997792K/1048120K available (8644K kernel code, 1332K rwdata, 4044K rodata, 1492K init, 1164K bss, 50328K reserved, 0K cma-reserved)
[    0.000000] SLUB: HWalign=64, Order=0-3, MinObjects=0, CPUs=2, Nodes=1
[    0.000000] Kernel/User page tables isolation: enabled
[    0.000000] Hierarchical RCU implementation.
[    0.000000] 	Build-time adjustment of leaf fanout to 64.
[    0.000000] 	RCU restricting CPUs from NR_CPUS=512 to nr_cpu_ids=2.
[    0.000000] RCU: Adjusting geometry for rcu_fanout_leaf=64, nr_cpu_ids=2
[    0.000000] NR_IRQS:33024 nr_irqs:440 16
[    0.000000] Console: colour VGA+ 80x25
[    0.000000] console [tty1] enabled
[    0.000000] console [ttyS0] enabled
[    0.000000] tsc: Detected 3407.996 MHz processor
[    0.160655] Calibrating delay loop (skipped) preset value.. 6815.99 BogoMIPS (lpj=13631984)
[    0.162530] pid_max: default: 32768 minimum: 301
[    0.163512] ACPI: Core revision 20150930
[    0.165876] ACPI: 2 ACPI AML tables successfully acquired and loaded
[    0.167280] Security Framework initialized
[    0.168230] Yama: becoming mindful.
[    0.169111] AppArmor: AppArmor initialized
[    0.170129] Dentry cache hash table entries: 131072 (order: 8, 1048576 bytes)
[    0.172200] Inode-cache hash table entries: 65536 (order: 7, 524288 bytes)
[    0.173632] Mount-cache hash table entries: 2048 (order: 2, 16384 bytes)
[    0.174919] Mountpoint-cache hash table entries: 2048 (order: 2, 16384 bytes)
[    0.176635] Initializing cgroup subsys io
[    0.177538] Initializing cgroup subsys memory
[    0.178517] Initializing cgroup subsys devices
[    0.179469] Initializing cgroup subsys freezer
[    0.180508] Initializing cgroup subsys net_cls
[    0.181643] Initializing cgroup subsys perf_event
[    0.183032] Initializing cgroup subsys net_prio
[    0.184056] Initializing cgroup subsys hugetlb
[    0.185098] Initializing cgroup subsys pids
[    0.202268] mce: CPU supports 0 MCE banks
[    0.203268] Last level iTLB entries: 4KB 128, 2MB 8, 4MB 8
[    0.204435] Last level dTLB entries: 4KB 64, 2MB 0, 4MB 0, 1GB 4
[    0.205662] Spectre V1 : Mitigation: usercopy/swapgs barriers and __user pointer sanitization
[    0.207482] Spectre V2 : Mitigation: Full generic retpoline
[    0.208708] Spectre V2 : Spectre v2 / SpectreRSB mitigation: Filling RSB on context switch
[    0.210592] Speculative Store Bypass: Vulnerable
[    0.211582] SRBDS: Unknown: Dependent on hypervisor status
[    0.212870] MDS: Mitigation: Clear CPU buffers
[    0.216913] Freeing SMP alternatives memory: 36K
[    0.224843] ftrace: allocating 32380 entries in 127 pages
[    0.292187] smpboot: APIC(0) Converting physical 0 to logical package 0
[    0.293703] smpboot: Max logical packages: 1
[    0.295002] x2apic enabled
[    0.296141] Switched APIC routing to physical x2apic.
[    0.298960] ..TIMER: vector=0x30 apic1=0 pin1=2 apic2=-1 pin2=-1
[    0.408551] APIC calibration not consistent with PM-Timer: 96ms instead of 100ms
[    0.411566] APIC delta adjusted to PM-Timer: 6250263 (6061614)
[    0.413136] smpboot: CPU0: Intel(R) Core(TM) i5-7500 CPU @ 3.40GHz (family: 0x6, model: 0x9e, stepping: 0x9)
[    0.415738] Performance Events: unsupported p6 CPU model 158 no PMU driver, software events only.
[    0.428651] KVM setup paravirtual spinlock
[    0.430425] x86: Booting SMP configuration:
[    0.431494] .... node  #0, CPUs:      #1
[    0.432594] kvm-clock: cpu 1, msr 0:3ffe3041, secondary cpu clock
[    0.450860] mce: CPU supports 0 MCE banks
[    0.453438] x86: Booted up 1 node, 2 CPUs
[    0.454643] smpboot: Total of 2 processors activated (13631.98 BogoMIPS)
[    0.456346] devtmpfs: initialized
[    0.458701] evm: security.selinux
[    0.459491] evm: security.SMACK64
[    0.460277] evm: security.SMACK64EXEC
[    0.461110] evm: security.SMACK64TRANSMUTE
[    0.462065] evm: security.SMACK64MMAP
[    0.462902] evm: security.ima
[    0.463636] evm: security.capability
[    0.464840] clocksource: jiffies: mask: 0xffffffff max_cycles: 0xffffffff, max_idle_ns: 7645041785100000 ns
[    0.467007] futex hash table entries: 512 (order: 3, 32768 bytes)
[    0.468336] pinctrl core: initialized pinctrl subsystem
[    0.469674] RTC time: 15:22:41, date: 03/08/24
[    0.470974] NET: Registered protocol family 16
[    0.481753] cpuidle: using governor ladder
[    0.493868] cpuidle: using governor menu
[    0.494811] PCCT header not found.
[    0.495734] ACPI: bus type PCI registered
[    0.496622] acpiphp: ACPI Hot Plug PCI Controller Driver version: 0.5
[    0.498829] PCI: Using configuration type 1 for base access
[    0.510331] ACPI: Added _OSI(Module Device)
[    0.511325] ACPI: Added _OSI(Processor Device)
[    0.512298] ACPI: Added _OSI(3.0 _SCP Extensions)
[    0.513307] ACPI: Added _OSI(Processor Aggregator Device)
[    0.515060] ACPI: Executed 1 blocks of module-level executable AML code
[    0.518630] ACPI: Interpreter enabled
[    0.519634] ACPI: (supports S0 S5)
[    0.520548] ACPI: Using IOAPIC for interrupt routing
[    0.521765] PCI: Using host bridge windows from ACPI; if necessary, use "pci=nocrs" and report a bug
[    0.527891] ACPI: PCI Root Bridge [PCI0] (domain 0000 [bus 00-ff])
[    0.529223] acpi PNP0A03:00: _OSC: OS supports [ASPM ClockPM Segments MSI]
[    0.530969] acpi PNP0A03:00: _OSC: not requesting OS control; OS requires [ExtendedConfig ASPM ClockPM MSI]
[    0.533007] acpi PNP0A03:00: fail to add MMCONFIG information, can't access extended PCI configuration space under this bridge.
[    0.535611] PCI host bridge to bus 0000:00
[    0.536543] pci_bus 0000:00: root bus resource [io  0x0000-0x0cf7 window]
[    0.537904] pci_bus 0000:00: root bus resource [io  0x0d00-0xffff window]
[    0.539224] pci_bus 0000:00: root bus resource [mem 0x000a0000-0x000bffff window]
[    0.540903] pci_bus 0000:00: root bus resource [mem 0x40000000-0xfdffffff window]
[    0.542685] pci_bus 0000:00: root bus resource [bus 00-ff]
[    0.559247] pci 0000:00:01.1: legacy IDE quirk: reg 0x10: [io  0x01f0-0x01f7]
[    0.560657] pci 0000:00:01.1: legacy IDE quirk: reg 0x14: [io  0x03f6]
[    0.561992] pci 0000:00:01.1: legacy IDE quirk: reg 0x18: [io  0x0170-0x0177]
[    0.563373] pci 0000:00:01.1: legacy IDE quirk: reg 0x1c: [io  0x0376]
[    0.576616] pci 0000:00:07.0: quirk: [io  0x4000-0x403f] claimed by PIIX4 ACPI
[    0.578364] pci 0000:00:07.0: quirk: [io  0x4100-0x410f] claimed by PIIX4 SMB
[    0.590378] ACPI: PCI Interrupt Link [LNKA] (IRQs 5 9 10 *11)
[    0.592211] ACPI: PCI Interrupt Link [LNKB] (IRQs 5 9 *10 11)
[    0.593801] ACPI: PCI Interrupt Link [LNKC] (IRQs 5 *9 10 11)
[    0.595561] ACPI: PCI Interrupt Link [LNKD] (IRQs 5 9 10 *11)
[    0.597415] ACPI: Enabled 2 GPEs in block 00 to 07
[    0.599004] vgaarb: setting as boot device: PCI:0000:00:02.0
[    0.600209] vgaarb: device added: PCI:0000:00:02.0,decodes=io+mem,owns=io+mem,locks=none
[    0.602165] vgaarb: loaded
[    0.602925] vgaarb: bridge control possible 0000:00:02.0
[    0.604248] SCSI subsystem initialized
[    0.605232] ACPI: bus type USB registered
[    0.606190] usbcore: registered new interface driver usbfs
[    0.607442] usbcore: registered new interface driver hub
[    0.608605] usbcore: registered new device driver usb
[    0.610593] PCI: Using ACPI for IRQ routing
[    0.611836] NetLabel: Initializing
[    0.612634] NetLabel:  domain hash size = 128
[    0.613600] NetLabel:  protocols = UNLABELED CIPSOv4
[    0.615502] NetLabel:  unlabeled traffic allowed by default
[    0.616857] amd_nb: Cannot enumerate AMD northbridges
[    0.618028] clocksource: Switched to clocksource kvm-clock
[    0.625495] AppArmor: AppArmor Filesystem Enabled
[    0.626830] pnp: PnP ACPI init
[    0.628462] pnp: PnP ACPI: found 3 devices
[    0.636978] clocksource: acpi_pm: mask: 0xffffff max_cycles: 0xffffff, max_idle_ns: 2085701024 ns
[    0.638925] NET: Registered protocol family 2
[    0.640043] TCP established hash table entries: 8192 (order: 4, 65536 bytes)
[    0.641389] TCP bind hash table entries: 8192 (order: 5, 131072 bytes)
[    0.642795] TCP: Hash tables configured (established 8192 bind 8192)
[    0.644043] UDP hash table entries: 512 (order: 2, 16384 bytes)
[    0.645211] UDP-Lite hash table entries: 512 (order: 2, 16384 bytes)
[    0.646528] NET: Registered protocol family 1
[    0.647535] pci 0000:00:00.0: Limiting direct PCI/PCI transfers
[    0.648868] pci 0000:00:01.0: Activating ISA DMA hang workarounds
[    0.650251] Unpacking initramfs...
[    0.839701] Freeing initrd memory: 14888K
[    0.840993] clocksource: tsc: mask: 0xffffffffffffffff max_cycles: 0x311fd044566, max_idle_ns: 440795343519 ns
[    0.843533] platform rtc_cmos: registered platform RTC device (no PNP device found)
[    0.845363] Scanning for low memory corruption every 60 seconds
[    0.847025] audit: initializing netlink subsys (disabled)
[    0.848301] audit: type=2000 audit(1709911366.708:1): initialized
[    0.850006] Initialise system trusted keyring
[    0.851689] HugeTLB registered 2 MB page size, pre-allocated 0 pages
[    0.854291] zbud: loaded
[    0.855464] VFS: Disk quotas dquot_6.6.0
[    0.856549] VFS: Dquot-cache hash table entries: 512 (order 0, 4096 bytes)
[    0.858128] squashfs: version 4.0 (2009/01/31) Phillip Lougher
[    0.859590] fuse init (API version 7.23)
[    0.860659] Key type big_key registered
[    0.861655] Allocating IMA MOK and blacklist keyrings.
[    0.863692] Key type asymmetric registered
[    0.864978] Asymmetric key parser 'x509' registered
[    0.866693] Block layer SCSI generic (bsg) driver version 0.4 loaded (major 249)
[    0.869322] io scheduler noop registered
[    0.871265] io scheduler deadline registered (default)
[    0.872454] io scheduler cfq registered
[    0.873479] pci_hotplug: PCI Hot Plug PCI Core version: 0.5
[    0.874795] pciehp: PCI Express Hot Plug Controller Driver version: 0.4
[    0.876227] ACPI: AC Adapter [AC] (on-line)
[    0.877213] input: Power Button as /devices/LNXSYSTM:00/LNXPWRBN:00/input/input0
[    0.878980] ACPI: Power Button [PWRF]
[    0.879999] input: Sleep Button as /devices/LNXSYSTM:00/LNXSLPBN:00/input/input1
[    0.881781] ACPI: Sleep Button [SLPF]
[    0.882872] GHES: HEST is not enabled!
[    0.884087] Serial: 8250/16550 driver, 32 ports, IRQ sharing enabled
[    0.906847] 00:02: ttyS0 at I/O 0x3f8 (irq = 4, base_baud = 115200) is a 16550A
[    0.910769] Linux agpgart interface v0.103
[    0.913143] loop: module loaded
[    0.914618] scsi host0: ata_piix
[    0.915627] scsi host1: ata_piix
[    0.916433] ata1: PATA max UDMA/33 cmd 0x1f0 ctl 0x3f6 bmdma 0xd000 irq 14
[    0.917770] ata2: PATA max UDMA/33 cmd 0x170 ctl 0x376 bmdma 0xd008 irq 15
[    0.919347] libphy: Fixed MDIO Bus: probed
[    0.920388] tun: Universal TUN/TAP device driver, 1.6
[    0.921460] tun: (C) 1999-2004 Max Krasnyansky <maxk@qualcomm.com>
[    0.922912] PPP generic driver version 2.4.2
[    0.924079] ehci_hcd: USB 2.0 'Enhanced' Host Controller (EHCI) Driver
[    0.925344] ehci-pci: EHCI PCI platform driver
[    0.926372] ehci-platform: EHCI generic platform driver
[    0.927444] ohci_hcd: USB 1.1 'Open' Host Controller (OHCI) Driver
[    0.928862] ohci-pci: OHCI PCI platform driver
[    0.929865] ohci-platform: OHCI generic platform driver
[    0.931040] uhci_hcd: USB Universal Host Controller Interface driver
[    0.932962] i8042: PNP: PS/2 Controller [PNP0303:PS2K,PNP0f03:PS2M] at 0x60,0x64 irq 1,12
[    0.935786] serio: i8042 KBD port at 0x60,0x64 irq 1
[    0.937513] serio: i8042 AUX port at 0x60,0x64 irq 12
[    0.938808] mousedev: PS/2 mouse device common for all mice
[    0.940249] input: AT Translated Set 2 keyboard as /devices/platform/i8042/serio0/input/input2
[    0.942625] rtc_cmos rtc_cmos: rtc core: registered rtc_cmos as rtc0
[    0.944118] rtc_cmos rtc_cmos: alarms up to one day, 114 bytes nvram
[    0.945463] i2c /dev entries driver
[    0.946416] device-mapper: uevent: version 1.0.3
[    0.947820] device-mapper: ioctl: 4.34.0-ioctl (2015-10-28) initialised: dm-devel@redhat.com
[    0.949670] ledtrig-cpu: registered to indicate activity on CPUs
[    0.951234] NET: Registered protocol family 10
[    0.953066] NET: Registered protocol family 17
[    0.954137] Key type dns_resolver registered
[    0.955603] registered taskstats version 1
[    0.956640] Loading compiled-in X.509 certificates
[    0.958217] Loaded X.509 cert 'Build time autogenerated kernel key: cf00e047681d67edb2720680708b7d9498083038'
[    0.960329] zswap: loaded using pool lzo/zbud
[    0.962968] Key type trusted registered
[    0.967135] Key type encrypted registered
[    0.968211] AppArmor: AppArmor sha1 policy hashing enabled
[    0.969433] ima: No TPM chip found, activating TPM-bypass!
[    0.970611] ima: Allocated hash algorithm: sha1
[    0.971592] evm: HMAC attrs: 0x1
[    0.972769]   Magic number: 0:994:385
[    0.973736] thermal cooling_device0: hash matches
[    0.974932] rtc_cmos rtc_cmos: setting system clock to 2024-03-08 15:22:41 UTC (1709911361)
[    0.977342] BIOS EDD facility v0.16 2004-Jun-25, 0 devices found
[    0.978604] EDD information not available.
[    1.099351] Freeing unused kernel memory: 1492K
[    1.100662] Write protecting the kernel read-only data: 14336k
[    1.102808] Freeing unused kernel memory: 1584K
[    1.103924] Freeing unused kernel memory: 52K
Loading, please wait...
starting version 229
[    1.118313] random: systemd-udevd: uninitialized urandom read (16 bytes read, 3 bits of entropy available)
[    1.119094] random: udevadm: uninitialized urandom read (16 bytes read, 3 bits of entropy available)
[    1.119125] random: udevadm: uninitialized urandom read (16 bytes read, 3 bits of entropy available)
[    1.124951] random: systemd-udevd: uninitialized urandom read (16 bytes read, 3 bits of entropy available)
[    1.127056] random: systemd-udevd: uninitialized urandom read (16 bytes read, 3 bits of entropy available)
[    1.127436] random: udevadm: uninitialized urandom read (16 bytes read, 3 bits of entropy available)
[    1.127486] random: udevadm: uninitialized urandom read (16 bytes read, 3 bits of entropy available)
[    1.127630] random: udevadm: uninitialized urandom read (16 bytes read, 3 bits of entropy available)
[    1.127689] random: udevadm: uninitialized urandom read (16 bytes read, 3 bits of entropy available)
[    1.127749] random: udevadm: uninitialized urandom read (16 bytes read, 3 bits of entropy available)
[    1.190481] e1000: Intel(R) PRO/1000 Network Driver - version 7.3.21-k8-NAPI
[    1.192030] e1000: Copyright (c) 1999-2006 Intel Corporation.
[    1.196520] Fusion MPT base driver 3.04.20
[    1.197506] Copyright (c) 1999-2008 LSI Corporation
[    1.203594] Fusion MPT SPI Host driver 3.04.20
[    1.212654] AVX2 version of gcm_enc/dec engaged.
[    1.213860] AES CTR mode by8 optimization enabled
[    1.395716] input: ImExPS/2 Generic Explorer Mouse as /devices/platform/i8042/serio1/input/input4
[    1.563437] e1000 0000:00:03.0 eth0: (PCI:33MHz:32-bit) 02:be:82:6b:cc:1d
[    1.565025] e1000 0000:00:03.0 eth0: Intel(R) PRO/1000 Network Connection
[    1.567031] mptbase: ioc0: Initiating bringup
[    1.635236] ioc0: LSI53C1030 A0: Capabilities={Initiator}
[    1.817275] scsi host2: ioc0: LSI53C1030 A0, FwRev=00000000h, Ports=1, MaxQ=256, IRQ=20
[    1.940113] scsi 2:0:0:0: Direct-Access     VBOX     HARDDISK         1.0  PQ: 0 ANSI: 5
[    1.942709] scsi target2:0:0: Beginning Domain Validation
[    1.946598] scsi target2:0:0: Domain Validation skipping write tests
[    1.948129] scsi target2:0:0: Ending Domain Validation
[    1.949781] scsi target2:0:0: asynchronous
[    1.951483] scsi 2:0:1:0: Direct-Access     VBOX     HARDDISK         1.0  PQ: 0 ANSI: 5
[    1.953644] scsi target2:0:1: Beginning Domain Validation
[    1.969876] scsi target2:0:1: Domain Validation skipping write tests
[    1.971233] scsi target2:0:1: Ending Domain Validation
[    1.974824] scsi target2:0:1: asynchronous
[    1.992120] sd 2:0:0:0: Attached scsi generic sg0 type 0
[    1.995443] sd 2:0:1:0: Attached scsi generic sg1 type 0
[    1.998263] sd 2:0:1:0: [sdb] 20480 512-byte logical blocks: (10.5 MB/10.0 MiB)
[    1.998832] sd 2:0:0:0: [sda] 83886080 512-byte logical blocks: (42.9 GB/40.0 GiB)
[    2.003264] sd 2:0:1:0: [sdb] Write Protect is off
[    2.004727] sd 2:0:0:0: [sda] Write Protect is off
[    2.006246] sd 2:0:0:0: [sda] Incomplete mode parameter data
[    2.007840] sd 2:0:0:0: [sda] Assuming drive cache: write through
[    2.009157] sd 2:0:1:0: [sdb] Incomplete mode parameter data
[    2.010405] sd 2:0:1:0: [sdb] Assuming drive cache: write through
[    2.013210]  sda: sda1
[    2.015663] sd 2:0:0:0: [sda] Attached SCSI disk
[    2.019060] sd 2:0:1:0: [sdb] Attached SCSI disk
[    2.311808] e1000 0000:00:08.0 eth1: (PCI:33MHz:32-bit) 08:00:27:eb:e1:a6
[    2.314106] e1000 0000:00:08.0 eth1: Intel(R) PRO/1000 Network Connection
[    2.683899] e1000 0000:00:09.0 eth2: (PCI:33MHz:32-bit) 08:00:27:55:6f:08
[    2.685840] e1000 0000:00:09.0 eth2: Intel(R) PRO/1000 Network Connection
[    2.689805] e1000 0000:00:09.0 enp0s9: renamed from eth2
[    2.698289] e1000 0000:00:03.0 enp0s3: renamed from eth0
[    2.710428] e1000 0000:00:08.0 enp0s8: renamed from eth1
Begin: Loading essential drivers ... [    4.206749] md: linear personality registered for level -1
[    4.209871] md: multipath personality registered for level -4
[    4.212977] md: raid0 personality registered for level 0
[    4.217073] md: raid1 personality registered for level 1
[    4.290399] raid6: sse2x1   gen() 13456 MB/s
[    4.362692] raid6: sse2x1   xor()  9879 MB/s
[    4.439095] raid6: sse2x2   gen() 17169 MB/s
[    4.506215] raid6: sse2x2   xor() 10271 MB/s
[    4.574492] raid6: sse2x4   gen() 16911 MB/s
[    4.642644] raid6: sse2x4   xor()  9245 MB/s
[    4.718111] raid6: avx2x1   gen() 23335 MB/s
[    4.787575] raid6: avx2x2   gen() 27240 MB/s
[    4.865670] raid6: avx2x4   gen() 30951 MB/s
[    4.867116] raid6: using algorithm avx2x4 gen() 30951 MB/s
[    4.868648] raid6: using avx2x2 recovery algorithm
[    4.882693] xor: automatically using best checksumming function:
[    4.926181]    avx       : 23428.000 MB/sec
[    4.934472] async_tx: api initialized (async)
[    4.956770] md: raid6 personality registered for level 6
[    4.958176] md: raid5 personality registered for level 5
[    4.959975] md: raid4 personality registered for level 4
[    4.981124] md: raid10 personality registered for level 10
done.
Begin: Running /scripts/init-premount ... done.
Begin: Mounting root file system ... Begin: Running /scripts/local-top ... done.
Begin: Running /scripts/local-premount ... [    5.036284] Btrfs loaded
Scanning for Btrfs filesystems
done.
Warning: fsck not present, so skipping root file system
[    5.075579] EXT4-fs (sda1): mounted filesystem with ordered data mode. Opts: (null)
done.
Begin: Running /scripts/local-bottom ... done.
Begin: Running /scripts/init-bottom ... done.
[    5.301646] systemd[1]: systemd 229 running in system mode. (+PAM +AUDIT +SELINUX +IMA +APPARMOR +SMACK +SYSVINIT +UTMP +LIBCRYPTSETUP +GCRYPT +GNUTLS +ACL +XZ -LZ4 +SECCOMP +BLKID +ELFUTILS +KMOD -IDN)
[    5.306681] systemd[1]: Detected virtualization oracle.
[    5.307873] systemd[1]: Detected architecture x86-64.

Welcome to [1mUbuntu 16.04.7 LTS[0m!

[    5.312952] systemd[1]: Set hostname to <ubuntu>.
[    5.317515] systemd[1]: Initializing machine ID from random generator.
[    5.318980] systemd[1]: Installed transient /etc/machine-id file.
[    5.624305] systemd[1]: Listening on /dev/initctl Compatibility Named Pipe.
[[0;32m  OK  [0m] Listening on /dev/initctl Compatibility Named Pipe.
[    5.628638] systemd[1]: Started Trigger resolvconf update for networkd DNS.
[[0;32m  OK  [0m] Started Trigger resolvconf update for networkd DNS.
[    5.630852] systemd[1]: Listening on fsck to fsckd communication Socket.
[[0;32m  OK  [0m] Listening on fsck to fsckd communication Socket.
[    5.633312] systemd[1]: Created slice User and Session Slice.
[[0;32m  OK  [0m] Created slice User and Session Slice.
[    5.642249] systemd[1]: Reached target System Time Synchronized.
[[0;32m  OK  [0m] Reached target System Time Synchronized.
[    5.645523] systemd[1]: Listening on LVM2 metadata daemon socket.
[[0;32m  OK  [0m] Listening on LVM2 metadata daemon socket.
[    5.654987] systemd[1]: Listening on Syslog Socket.
[[0;32m  OK  [0m] Listening on Syslog Socket.
[    5.657183] systemd[1]: Reached target User and Group Name Lookups.
[[0;32m  OK  [0m] Reached target User and Group Name Lookups.
[    5.660385] systemd[1]: Listening on Journal Socket.
[[0;32m  OK  [0m] Listening on Journal Socket.
[    5.664523] systemd[1]: Reached target Swap.
[[0;32m  OK  [0m] Reached target Swap.
[    5.674417] systemd[1]: Set up automount Arbitrary Executable File Formats File System Automount Point.
[[0;32m  OK  [0m] Set up automount Arbitrary Executab...ats File System Automount Point.
[    5.678243] systemd[1]: Listening on Journal Socket (/dev/log).
[[0;32m  OK  [0m] Listening on Journal Socket (/dev/log).
[    5.681713] systemd[1]: Listening on Journal Audit Socket.
[[0;32m  OK  [0m] Listening on Journal Audit Socket.
[    5.690322] systemd[1]: Listening on LVM2 poll daemon socket.
[[0;32m  OK  [0m] Listening on LVM2 poll daemon socket.
[    5.692633] systemd[1]: Started Forward Password Requests to Wall Directory Watch.
[[0;32m  OK  [0m] Started Forward Password Requests to Wall Directory Watch.
[    5.695421] systemd[1]: Listening on udev Control Socket.
[[0;32m  OK  [0m] Listening on udev Control Socket.
[    5.697110] systemd[1]: Listening on Device-mapper event daemon FIFOs.
[[0;32m  OK  [0m] Listening on Device-mapper event daemon FIFOs.
[    5.699292] systemd[1]: Listening on udev Kernel Socket.
[[0;32m  OK  [0m] Listening on udev Kernel Socket.
[    5.704097] systemd[1]: Created slice System Slice.
[[0;32m  OK  [0m] Created slice System Slice.
[    5.722211] systemd[1]: Mounting Debug File System...
         Mounting Debug File System...
[    5.726424] systemd[1]: Reached target Slices.
[[0;32m  OK  [0m] Reached target Slices.
[    5.729473] systemd[1]: Starting Journal Service...
         Starting Journal Service...
[    5.732137] systemd[1]: Starting Set console keymap...
         Starting Set console keymap...
[    5.734929] systemd[1]: Starting Uncomplicated firewall...
         Starting Uncomplicated firewall...
[    5.744973] systemd[1]: Starting Create list of required static device nodes for the current kernel...
         Starting Create list of required st... nodes for the current kernel...
[    5.749550] systemd[1]: Created slice system-serial\x2dgetty.slice.
[[0;32m  OK  [0m] Created slice system-serial\x2dgetty.slice.
[    5.759428] systemd[1]: Starting Monitoring of LVM2 mirrors, snapshots etc. using dmeventd or progress polling...
         Starting Monitoring of LVM2 mirrors... dmeventd or progress polling...
[    5.771268] systemd[1]: Starting Nameserver information manager...
         Starting Nameserver information manager...
[    5.775068] systemd[1]: Starting File System Check on Root Device...
         Starting File System Check on Root Device...
[    5.778038] systemd[1]: Mounting POSIX Message Queue File System...
         Mounting POSIX Message Queue File System...
[    5.781769] systemd[1]: Mounting Huge Pages File System...
         Mounting Huge Pages File System...
[    5.785478] systemd[1]: Reached target Encrypted Volumes.
[[0;32m  OK  [0m] Reached target Encrypted Volumes.
[    5.806283] systemd[1]: Starting Load Kernel Modules...
         Starting Load Kernel Modules...
[    5.810208] systemd[1]: Mounted Huge Pages File System.
[[0;32m  OK  [0m] Mounted Huge Pages File System.
[    5.818515] systemd[1]: Mounted POSIX Message Queue File System.
[[0;32m  OK  [[    5.820464] Loading iSCSI transport class v2.0-870.
0m] Mounted POSIX Message Queue File System.
[    5.821851] systemd[1]: Mounted Debug File System.
[[0;32m  OK  [0m] Mounted Debug File System.
[    5.823950] systemd[1]: Started Journal Service.
[[0;32m  OK  [0m] Started Journal Service.
[[0;32m  OK  [0m] Started Uncomplicated firewall.
[[0;32m  OK  [0m] Started Create list of required sta...ce nod[    5.833091] iscsi: registered transport (tcp)
es for the current kernel.
[[0;32m  OK  [0m] Started Set console keymap.
[[0;32m  OK  [0m] Started File System Check on Root Device.
[[0;32m  OK  [0m] Started File System Check Daemon to report status.
[[0;32m  OK  [0m] Started LVM2 metadata daemon.
         Starting Remount Root and Kernel File Systems...
         Starting Create Static Device Nodes in /dev...
[[0;32m  OK  [0m] Started Nameserver information manager.
[    5.878452] EXT4-fs (sda1): re-mounted. Opts: (null)
[    5.883642] iscsi: registered transport (iser)
[[0;32m  OK  [0m] Started Remount Root and Kernel File Systems.
[[0;32m  OK  [0m] Started Load Kernel Modules.
         Mounting FUSE Control File System...
         Starting Apply Kernel Variables...
         Starting Load/Save Random Seed...
         Starting Flush Journal to Persistent Storage...
         Starting udev Coldplug all Devices...
[[0;32m  OK  [0m] Mounted FUSE Control File System.
[[0;32m  OK  [0m] Started Load/Save Random Seed.
[    5.917877] systemd-journald[368]: Received request to flush runtime journal from PID 1
[[0;32m  OK  [0m] Started Apply Kernel Variables.
[[0;32m  OK  [0m] Started Create Static Device Nodes in /dev.
[[0;32m  OK  [0m] Started Flush Journal to Persistent Storage.
         Starting udev Kernel Device Manager...
[[0;32m  OK  [0m] Started udev Coldplug all Devices.
[[0;32m  OK  [0m] Started udev Kernel Device Manager.
[[0;32m  OK  [0m] Started Dispatch Password Requests to Console Directory Watch.
[[0;32m  OK  [0m] Started Monitoring of LVM2 mirrors,...ng dmeventd or progress polling.
[[0;32m  OK  [0m] Reached target Local File Systems (Pre).
[[0;32m  OK  [0m] Reached target Local File Systems.
         Starting Initial cloud-init job (pre-networking)...
         Starting Set console font and keymap...
         Starting LSB: AppArmor initialization...
         Starting Tell Plymouth To Write Out Runtime Data...
         Starting Commit a transient machine-id on disk...
         Starting Create Volatile Files and Directories...
[[0;32m  OK  [0m] Started Create Volatile Files and Directories.
[[0;32m  OK  [0m] Started Tell Plymouth To Write Out Runtime Data.
         Starting Update UTMP about System Boot/Shutdown...
[[0;32m  OK  [0m] Started Commit a transient machine-id on disk.
[[0;32m  OK  [0m] Started Update UTMP about System Boot/Shutdown.
[[0;32m  OK  [0m] Found device /dev/ttyS0.
[[0;32m  OK  [0m] Listening on Load/Save RF Kill Switch Status /dev/rfkill Watch.
[    7.613387] cloud-init[482]: Cloud-init v. 21.1-19-gbad84ad4-0ubuntu1~16.04.2 running 'init-local' at Fri, 08 Mar 2024 15:22:47 +0000. Up 7.00 seconds.
[[0;32m  OK  [0m] Started Initial cloud-init job (pre-networking).
[[0;32m  OK  [0m] Reached target Network (Pre).
[[0;32m  OK  [0m] Started Set console font and keymap.
[[0;32m  OK  [0m] Created slice system-getty.slice.
[[0;32m  OK  [0m] Started LSB: AppArmor initialization.
         Starting Raise network interfaces...
         Starting Load AppArmor profiles managed internally by snapd...
[[0;32m  OK  [0m] Started Load AppArmor profiles managed internally by snapd.
[[0;32m  OK  [0m] Started Raise network interfaces.
[[0;32m  OK  [0m] Reached target Network.
         Starting Initial cloud-init job (metadata service crawler)...
[    9.483281] cloud-init[968]: Cloud-init v. 21.1-19-gbad84ad4-0ubuntu1~16.04.2 running 'init' at Fri, 08 Mar 2024 15:22:49 +0000. Up 8.72 seconds.
[    9.484969] cloud-init[968]: ci-info: ++++++++++++++++++++++++++++++++++++++Net device info+++++++++++++++++++++++++++++++++++++++
[    9.486597] cloud-init[968]: ci-info: +--------+-------+----------------------------+---------------+--------+-------------------+
[    9.487707] cloud-init[968]: ci-info: | Device |   Up  |          Address           |      Mask     | Scope  |     Hw-Address    |
[    9.489377] cloud-init[968]: ci-info: +--------+-------+----------------------------+---------------+--------+-------------------+
[    9.491022] cloud-init[968]: ci-info: | enp0s3 |  True |         10.0.2.15          | 255.255.255.0 | global | 02:be:82:6b:cc:1d |
[    9.492745] cloud-init[968]: ci-info: | enp0s3 |  True | fe80::be:82ff:fe6b:cc1d/64 |       .       |  link  | 02:be:82:6b:cc:1d |
[    9.511016] cloud-init[968]: ci-info: | enp0s8 | False |             .              |       .       |   .    | 08:00:27:eb:e1:a6 |
[    9.514996] cloud-init[968]: ci-info: | enp0s9 | False |             .              |       .       |   .    | 08:00:27:55:6f:08 |
[    9.516495] cloud-init[968]: ci-info: |   lo   |  True |         127.0.0.1          |   255.0.0.0   |  host  |         .         |
[[0;32m  OK  [0m] Started Initial cloud-init job (metadata service crawler).
[    9.530332] cloud-init[968]: ci-info: |   lo   |  True |          ::1/128           |       .       |  host  |         .         |
[    9.532111] [cloud-init[0;32m  OK  [0m[968]: ] ci-info: +--------+-------+----------------------------+---------------+--------+-------------------+Reached target System Initialization.

[    9.532411] cloud-init[968]: ci-info: +++++++++++++++++++++++++++Route IPv4 info++++++++++++++++++++++++++++
[    9.535585]          Starting LXD - unix socket.
[[0;32m  OK  [0m] Started Message of the Day.
[[0;32m  OK  [0m] Started Daily Cleanup of Temporary Directories.
cloud-init[968]: ci-info: +-------+-------------+----------+---------------+-----------+-------+
[    9.538304] [[0;32m  OK  [0m] Started ACPI Events Check.
[[0;32m  OK  [0m] Reached target Paths.
cloud-init[968]: ci-info: | Route | Destination | Gateway  |    Genmask    | Interface | Flags |
[    9.540298] [[0;32m  OK  [0m] Listening on D-Bus System Message Bus Socket.
[[0;32m  OK  [0m] Listening on UUID daemon activation socket.
[[0;32m  OK  [0m] Started Daily apt download activities.
[[0;32m  OK  [0m] Started Ubuntu Advantage update messaging.
[[0;32m  OK  [0m] Listening on ACPID Listen Socket.
         Starting Socket activation for snappy daemon.
[[0;32m  OK  [0m] Started Daily apt upgrade and clean activities.
[[0;32m  OK  [0m] Reached target Timers.
cloud-init[968]: ci-info: +-------+-------------+----------+---------------+-----------+-------+
[    9.552288] [cloud-init[0;32m  OK  [0m[968]: ] ci-info: |   0   |   0.0.0.0   | 10.0.2.2 |    0.0.0.0    |   enp0s3  |   UG  |Reached target Network is Online.

[    9.553829] cloud-init[968]: ci-info: |   1   |   10.0.2.0  | 0.0.0.0  | 255.255.255.0 |   enp0s3  |   U   |
[    9.555335] cloud-init[968]: ci-info: +-------+-------------+----------+---------------+-----------+-------+
[    9.556734] cloud-init[968]: ci-info: +++++++++++++++++++Route IPv6 info+++++++++++++++++++
[    9.557792] cloud-init[968]: ci-info: +-------+-------------+---------+-----------+-------+
[    9.558986] cloud-init[968]: ci-info: | Route | Destination | Gateway | Interface | Flags |
[    9.560448] cloud-init[968]: ci-info: +-------+-------------+---------+-----------+-------+
[    9.561984] cloud-init[968]: ci-info: |   0   |  fe80::/64  |    ::   |   enp0s3  |   U   |
[    9.563188] cloud-init[968]: ci-info: |   3   |   ff00::/8  |    ::   |   enp0s3  |   U   |         Starting iSCSI initiator daemon (iscsid)...
[[0;32m  OK  [0m] Reached target Cloud-config availability.
[[0;32m  OK  [0m] Listening on LXD - unix socket.
[[0;32m  OK  [0m] Listening on Socket activation for snappy daemon.
[[0;32m  OK  [0m] Reached target Sockets.
[[0;32m  OK  [0m] Reached target Basic System.

[    9.568561]          Starting LXD - container startup/shutdown...
cloud-init[968]: ci-info: +-------+-------------+---------+-----------+-------+
[    9.582477] cloud-init         Starting Pollinate to seed the pseudo random number generator...
         Starting Virtualbox guest utils...
[968]: Generating public/private rsa key pair.
[[0;32m  OK  [0m] Started ACPI event daemon.
         Starting Accounts Service...
[[0;32m  OK  [0m] Started FUSE filesystem for LXC.
         Starting LSB: MD monitoring daemon...
[    9.585381] cloud-init[968]: Your identification has been saved in /etc/ssh/ssh_host_rsa_key.
[    9.604773] cloud-init[968]: Your public key has been saved in /etc/ssh/ssh_host_rsa_key.pub.
[    9.611617]          Starting Snap Daemon...
cloud-init[968]: The key fingerprint is:
[    9.614469] cloud-init[968]: [[0;32m  OK  [0m] Started D-Bus System Message Bus.
SHA256:+WeerRohmwT4+pMsf8qVrP2bbcQVWaXy1jRGMepdqdk root@ubuntu-xenial
[    9.617785] cloud-init[968]: The key's randomart image is:
[    9.618691] cloud-init[968]: +---[RSA 2048]----+
[    9.619825] cloud-init[968]: |               *=|
[    9.620782] cloud-init[968]: |     .        =.o|
[    9.628288] cloud-init[968]: |    . .     ...=o|
[    9.629069] cloud-init[968]: |     . . .  .oBoo|
[    9.636284] cloud-init[968]: |      . S .. =oE.|
[    9.637057] cloud-init[968]: |     . o * .o.   |
[    9.637707] cloud-init[968]: |    .. .* o.o    |
[    9.644613] cloud-init[968]: |    .o++.  B.o   |
[    9.645576] cloud-init[968]: |     o*+..=+=..  |
[    9.646302] cloud-init[968]: +----[SHA256]-----+
[    9.646954] cloud-init[968]: Generating public/private dsa key pair.
[    9.647920] cloud-init[968]: Your identification has been saved in /etc/ssh/ssh_host_dsa_key.
[    9.649009] cloud-init[968]: Your public key has been saved in /etc/ssh/ssh_host_dsa_key.pub.
[    9.649954] cloud-init[968]: The key fingerprint is:
[    9.650611] cloud-init[968]: SHA256:ndtkqfaMVVNy8bxlZmWlu5Ig9GtqHpdPcDxaQoNvqJc root@ubuntu-xenial
[    9.652188] cloud-init[968]: The key's randomart image is:
[    9.652738] cloud-init[968]: +---[DSA 1024]----+
[    9.653822] cloud-init[968]: |               .=|
[    9.655061] cloud-init[968]: |         .     ++|
[    9.655771] cloud-init[968]: |        o o   o X|
[    9.656563] cloud-init[968]: |       . * + . Oo|
[    9.657395] cloud-init[968]: |        S X O +. |
[    9.658144] cloud-init[968]: |       . + / + o |
[    9.658938] cloud-init[968]: |      . E X * .  |
[    9.664497] cloud-init[968]: |       ..* B .   |
[    9.665283] cloud-init[968]: |       oo . +    |
[    9.666518] cloud-init[968]: +----[SHA256]-----+
[    9.673184] cloud-init[968]: Generating public/private ecdsa key pair.
[    9.674113] cloud-init[968]: Your identification has been saved in /etc/ssh/ssh_host_ecdsa_key.
[    9.675211] cloud-init[968]: Your public key has been saved in /etc/ssh/ssh_host_ecdsa_key.pub.
[    9.676488] cloud-init[968]: The key fingerprint is:
[    9.677214] cloud-init[968]: SHA256:CA0UnPYadOtgz7yXUcStqPXS0KafU37b3zfmIvymrIQ root@ubuntu-xenial
[    9.678433] cloud-init[968]: The key's randomart image is:
[    9.679717] cloud-init[968]: +---[ECDSA 256]---+
[    9.688642] cloud-init[968]: |   o+o   . .     |
[    9.696277] cloud-init[968]: |    =o.   o .    |
[    9.697348] cloud-init[968]: |   o.o.. + .     |
[    9.698220] cloud-init[968]: |    +.o.+ =      |
[    9.698925] cloud-init[968]: |   . O.oSB       |
[    9.699804] cloud-init[968]: |    . * = o .    |
[    9.700728] cloud-init[968]: |       E *.+     |
[    9.701826] cloud-init[968]: |      . + =o.o.+o|
[    9.702536] cloud-init[968]: |       . ..+=o=oB|
[    9.712165] cloud-init[968]: +----[SHA256]-----+
[    9.713137] cloud-init[968]: Generating public/private ed25519 key pair.
[    9.714278] cloud-init[968]: Your identification has been saved in /etc/ssh/ssh_host_ed25519_key.
[    9.715742] cloud-init[968]: Your public key has been saved in /etc/ssh/ssh_host_ed25519_key.pub.
[    9.717849] cloud-init[968]: The key fingerprint is:
[    9.719051] cloud-init[968]: SHA256:MIX1TV/DzR+oxYwyEyfGRL72S4gr4ty+6iCtyEmFY84 root@ubuntu-xenial
[    9.720292] cloud-init[968]: The key's randomart image is:
[    9.721285] cloud-init[968]: +--[ED25519 256]--+
[    9.722456] cloud-init[968]: |       o**..= ooo|
[    9.723832] cloud-init[968]: |      ..o*o+ * ++|
[    9.724805] cloud-init[968]: |      o  .= + . o|
[    9.725784] cloud-init[968]: |  .    o  ..    .|
[    9.726886] cloud-init[968]: | + .    So       |
[    9.727782] cloud-init[968]: |+.o     o o      |
[    9.728647] cloud-init[968]: |.E.    . . o     |
[    9.729465] cloud-init[968]: |=.+...  . . .    |
[    9.730274] cloud-init[968]: |ooo=++o.   .     |
[    9.731020] cloud-init[968]: +----[SHA256]-----+
         Starting System Logging Service...
         Starting Login Service...
         Starting LSB: Record successful boot for GRUB...
[[0;32m  OK  [0m] Started Regular background program processing daemon.
         Starting /etc/rc.local Compatibility...
[[0;32m  OK  [0m] Started Deferred execution scheduler.
[[0;32m  OK  [0m] Started /etc/rc.local Compatibility.
         Starting Authenticate and Authorize Users to Run Privileged Tasks...
[[0;32m  OK  [0m] Started iSCSI initiator daemon (iscsid).
[[0;32m  OK  [0m] Started Login Service.
[[0;32m  OK  [0m] Started Unattended Upgrades Shutdown.
         Starting Login to default iSCSI targets...
[[0;32m  OK  [0m] Started LSB: MD monitoring daemon.
[[0;32m  OK  [0m] Started LSB: Record successful boot for GRUB.
[[0;32m  OK  [0m] Started System Logging Service.
[[0;32m  OK  [0m] Started Authenticate and Authorize Users to Run Privileged Tasks.
[[0;32m  OK  [0m] Started Accounts Service.
[[0;32m  OK  [0m] Started Login to default iSCSI targets.
[[0;32m  OK  [0m] Reached target Remote File Systems (Pre).
[[0;32m  OK  [0m] Reached target Remote File Systems.
         Starting LSB: daemon to balance interrupts for SMP systems...
         Starting LSB: automatic crash report generation...
         Starting LSB: Set the CPU Frequency Scaling governor to "ondemand"...
         Starting Permit User Sessions...
[[0;32m  OK  [0m] Started Permit User Sessions.
         Starting Terminate Plymouth Boot Screen...
         Starting Hold until boot process finishes up...
[[0;32m  OK  [0m] Started Hold until boot process finishes up.
[[0;32m  OK  [0m] Started Terminate Plymouth Boot Screen.
[[0;32m  OK  [0m] Started LSB: Set the CPU Frequency Scaling governor to "ondemand".
[[0;32m  OK  [0m] Started Serial Getty on ttyS0.
[[0;32m  OK  [0m] Started Getty on tty1.
[[0;32m  OK  [0m] Reached target Login Prompts.
         Starting Set console scheme...
[[0;32m  OK  [0m] Started Set console scheme.
[[0;32m  OK  [0m] Started LSB: automatic crash report generation.
[[0;32m  OK  [0m] Started Virtualbox guest utils.
[[0;32m  OK  [0m] Started LSB: daemon to balance interrupts for SMP systems.
[[0;32m  OK  [0m] Started LXD - container startup/shutdown.
[[0;32m  OK  [0m] Started Pollinate to seed the pseudo random number generator.
         Starting OpenBSD Secure Shell server...
[[0;32m  OK  [0m] Started OpenBSD Secure Shell server.
[[0;32m  OK  [0m] Started Snap Daemon.
         Starting Wait until snapd is fully seeded...
[[0;32m  OK  [0m] Started Wait until snapd is fully seeded.
[[0;32m  OK  [0m] Reached target Multi-User System.
[[0;32m  OK  [0m] Reached target Graphical Interface.
         Starting Update UTMP about System Runlevel Changes...
         Starting Apply the settings specified in cloud-config...
[[0;32m  OK  [0m] Started Update UTMP about System Runlevel Changes.
[[0;32m  OK  [0m] Created slice User Slice of vagrant.
         Starting User Manager for UID 1000...
[[0;32m  OK  [0m] Started Session 1 of user vagrant.
[[0;32m  OK  [0m] Started User Manager for UID 1000.
[   11.914709] cloud-init[1311]: Generating locales (this might take a while)...
[   12.981396] cloud-init[1311]:   en_US.UTF-8... done
[   12.982668] cloud-init[1311]: Generation complete.
[   13.438412] cloud-init[1311]: Cloud-init v. 21.1-19-gbad84ad4-0ubuntu1~16.04.2 running 'modules:config' at Fri, 08 Mar 2024 15:22:52 +0000. Up 11.76 seconds.
[[0;32m  OK  [0m] Started Apply the settings specified in cloud-config.
         Starting Execute cloud user/final scripts...
ci-info: no authorized SSH keys fingerprints found for user ubuntu.
         Stopping User Manager for UID 1000...
<14>Mar  8 15:22:54 ec2: 
<14>Mar  8 15:22:54 ec2: #############################################################
<14>Mar  8 15:22:54 ec2: -----BEGIN SSH HOST KEY FINGERPRINTS-----
<14>Mar  8 15:22:54 ec2: 1024 SHA256:ndtkqfaMVVNy8bxlZmWlu5Ig9GtqHpdPcDxaQoNvqJc root@ubuntu-xenial (DSA)
<14>Mar  8 15:22:54 ec2: 256 SHA256:CA0UnPYadOtgz7yXUcStqPXS0KafU37b3zfmIvymrIQ root@ubuntu-xenial (ECDSA)
<14>Mar  8 15:22:54 ec2: 256 SHA256:MIX1TV/DzR+oxYwyEyfGRL72S4gr4ty+6iCtyEmFY84 root@ubuntu-xenial (ED25519)
<14>Mar  8 15:22:54 ec2: 2048 SHA256:+WeerRohmwT4+pMsf8qVrP2bbcQVWaXy1jRGMepdqdk root@ubuntu-xenial (RSA)
<14>Mar  8 15:22:54 ec2: -----END SSH HOST KEY FINGERPRINTS-----
<14>Mar  8 15:22:54 ec2: #############################################################
-----BEGIN SSH HOST KEY KEYS-----
ecdsa-sha2-nistp256 AAAAE2VjZHNhLXNoYTItbmlzdHAyNTYAAAAIbmlzdHAyNTYAAABBBO0PEOz2KiLvtQczb0TLR2v5Lnga6HrPBYU01ETjeF88Ph8wUFg7K271eMW5vSA1L0tEplieVCGDiwViQ02CFiw= root@ubuntu-xenial
ssh-ed25519 AAAAC3NzaC1lZDI1NTE5AAAAIDPSp12S26z2EEoojQOZtSBJ6+o9nz4Tabh/hC9pZwJf root@ubuntu-xenial
ssh-rsa AAAAB3NzaC1yc2EAAAADAQABAAABAQCpPYmAgE8evIEzyF3IpThsizJM1H6Muq8TeFHsSMrYeipAf3itvho4iGXPbjgxGMEigm1cB88nSa9q3+kYNVEj4URPoMcbKKnB/NXN0u85RQFCjkR9qbh+qgPyag4jSBjpA2ArmJU1drpcW3sDWlvHv5whoR5RnbmnPMHC+OGVdR0FNKRDhoWrCmzfUT5pW4N1QkmGJqHltYuDUecGItMDYcoepHtHZa4WXjsTL5NyaqlHxJ5ijxAGCawHjnrjJATXtsvif4JSAjB1fN2rvy+4To8MXK/NGqPHgpNSVDROlZu52FfaHk1kCsh3gQ5Sg+qRxTnC/963Sq0uloXqi6pl root@ubuntu-xenial
-----END SSH HOST KEY KEYS-----
[[0;32m  OK  [0m] Stopped User Manager for UID 1000.
[[0;32m  OK  [0m] Removed slice User Slice of vagrant.
[   14.081422] cloud-init[1520]: Cloud-init v. 21.1-19-gbad84ad4-0ubuntu1~16.04.2 running 'modules:final' at Fri, 08 Mar 2024 15:22:54 +0000. Up 13.85 seconds.
[   14.083192] cloud-init[1520]: ci-info: no authorized SSH keys fingerprints found for user ubuntu.
[   14.084295] cloud-init[1520]: Cloud-init v. 21.1-19-gbad84ad4-0ubuntu1~16.04.2 finished at Fri, 08 Mar 2024 15:22:54 +0000. Datasource DataSourceNoCloud [seed=/dev/sdb][dsmode=net].  Up 14.06 seconds
[[0;32m  OK  [0m] Started Execute cloud user/final scripts.
[[0;32m  OK  [0m] Reached target Cloud-init target.

Ubuntu 16.04.7 LTS ubuntu-xenial ttyS0

ubuntu-xenial login: 