1714068825.171191 client started (41562): version 3.2a, socket /tmp/tmux-1001/default, protocol 8
1714068825.171221 on Linux 5.15.0-105-generic #115-Ubuntu SMP Mon Apr 15 09:52:04 UTC 2024
1714068825.171224 using libevent 2.1.12-stable (poll); ncurses 6.3
1714068825.171237 flags are 0x10010000
1714068825.171240 socket is /tmp/tmux-1001/default
1714068825.171247 trying connect
1714068825.171326 add peer 0x55557d3cecc0: 6 ((nil))
1714068825.171451 sending message 100 to peer 0x55557d3cecc0 (4 bytes)
1714068825.171458 sending message 111 to peer 0x55557d3cecc0 (8 bytes)
1714068825.171461 sending message 101 to peer 0x55557d3cecc0 (7 bytes)
1714068825.171463 sending message 109 to peer 0x55557d3cecc0 (4 bytes)
1714068825.171465 sending message 102 to peer 0x55557d3cecc0 (11 bytes)
1714068825.171468 sending message 108 to peer 0x55557d3cecc0 (35 bytes)
1714068825.171470 sending message 112 to peer 0x55557d3cecc0 (70 bytes)
1714068825.171473 sending message 112 to peer 0x55557d3cecc0 (5 bytes)
1714068825.171475 sending message 112 to peer 0x55557d3cecc0 (5 bytes)
1714068825.171478 sending message 112 to peer 0x55557d3cecc0 (6 bytes)
1714068825.171480 sending message 112 to peer 0x55557d3cecc0 (6 bytes)
1714068825.171482 sending message 112 to peer 0x55557d3cecc0 (11 bytes)
1714068825.171485 sending message 112 to peer 0x55557d3cecc0 (10 bytes)
1714068825.171487 sending message 112 to peer 0x55557d3cecc0 (13 bytes)
1714068825.171490 sending message 112 to peer 0x55557d3cecc0 (13 bytes)
1714068825.171492 sending message 112 to peer 0x55557d3cecc0 (18 bytes)
1714068825.171494 sending message 112 to peer 0x55557d3cecc0 (9 bytes)
1714068825.171497 sending message 112 to peer 0x55557d3cecc0 (21 bytes)
1714068825.171499 sending message 112 to peer 0x55557d3cecc0 (13 bytes)
1714068825.171501 sending message 112 to peer 0x55557d3cecc0 (7 bytes)
1714068825.171504 sending message 112 to peer 0x55557d3cecc0 (13 bytes)
1714068825.171506 sending message 112 to peer 0x55557d3cecc0 (7 bytes)
1714068825.171509 sending message 112 to peer 0x55557d3cecc0 (13 bytes)
1714068825.171511 sending message 112 to peer 0x55557d3cecc0 (9 bytes)
1714068825.171513 sending message 112 to peer 0x55557d3cecc0 (21 bytes)
1714068825.171515 sending message 112 to peer 0x55557d3cecc0 (13 bytes)
1714068825.171518 sending message 112 to peer 0x55557d3cecc0 (8 bytes)
1714068825.171521 sending message 112 to peer 0x55557d3cecc0 (12 bytes)
1714068825.171523 sending message 112 to peer 0x55557d3cecc0 (13 bytes)
1714068825.171526 sending message 112 to peer 0x55557d3cecc0 (9 bytes)
1714068825.171528 sending message 112 to peer 0x55557d3cecc0 (9 bytes)
1714068825.171530 sending message 112 to peer 0x55557d3cecc0 (12 bytes)
1714068825.171532 sending message 112 to peer 0x55557d3cecc0 (8 bytes)
1714068825.171535 sending message 112 to peer 0x55557d3cecc0 (7 bytes)
1714068825.171537 sending message 112 to peer 0x55557d3cecc0 (7 bytes)
1714068825.171539 sending message 112 to peer 0x55557d3cecc0 (9 bytes)
1714068825.171541 sending message 112 to peer 0x55557d3cecc0 (13 bytes)
1714068825.171544 sending message 112 to peer 0x55557d3cecc0 (9 bytes)
1714068825.171546 sending message 112 to peer 0x55557d3cecc0 (15 bytes)
1714068825.171548 sending message 112 to peer 0x55557d3cecc0 (13 bytes)
1714068825.171551 sending message 112 to peer 0x55557d3cecc0 (12 bytes)
1714068825.171553 sending message 112 to peer 0x55557d3cecc0 (8 bytes)
1714068825.171555 sending message 112 to peer 0x55557d3cecc0 (14 bytes)
1714068825.171558 sending message 112 to peer 0x55557d3cecc0 (9 bytes)
1714068825.171560 sending message 112 to peer 0x55557d3cecc0 (10 bytes)
1714068825.171562 sending message 112 to peer 0x55557d3cecc0 (10 bytes)
1714068825.171564 sending message 112 to peer 0x55557d3cecc0 (10 bytes)
1714068825.171567 sending message 112 to peer 0x55557d3cecc0 (10 bytes)
1714068825.171569 sending message 112 to peer 0x55557d3cecc0 (11 bytes)
1714068825.171571 sending message 112 to peer 0x55557d3cecc0 (10 bytes)
1714068825.171573 sending message 112 to peer 0x55557d3cecc0 (8 bytes)
1714068825.171576 sending message 112 to peer 0x55557d3cecc0 (11 bytes)
1714068825.171582 sending message 112 to peer 0x55557d3cecc0 (11 bytes)
1714068825.171585 sending message 112 to peer 0x55557d3cecc0 (11 bytes)
1714068825.171587 sending message 112 to peer 0x55557d3cecc0 (8 bytes)
1714068825.171590 sending message 112 to peer 0x55557d3cecc0 (8 bytes)
1714068825.171592 sending message 112 to peer 0x55557d3cecc0 (8 bytes)
1714068825.171594 sending message 112 to peer 0x55557d3cecc0 (10 bytes)
1714068825.171596 sending message 112 to peer 0x55557d3cecc0 (10 bytes)
1714068825.171599 sending message 112 to peer 0x55557d3cecc0 (10 bytes)
1714068825.171601 sending message 112 to peer 0x55557d3cecc0 (10 bytes)
1714068825.171603 sending message 112 to peer 0x55557d3cecc0 (10 bytes)
1714068825.171605 sending message 112 to peer 0x55557d3cecc0 (11 bytes)
1714068825.171608 sending message 112 to peer 0x55557d3cecc0 (11 bytes)
1714068825.171610 sending message 112 to peer 0x55557d3cecc0 (10 bytes)
1714068825.171613 sending message 112 to peer 0x55557d3cecc0 (9 bytes)
1714068825.171615 sending message 112 to peer 0x55557d3cecc0 (9 bytes)
1714068825.171617 sending message 112 to peer 0x55557d3cecc0 (12 bytes)
1714068825.171620 sending message 112 to peer 0x55557d3cecc0 (9 bytes)
1714068825.171622 sending message 112 to peer 0x55557d3cecc0 (6 bytes)
1714068825.171624 sending message 112 to peer 0x55557d3cecc0 (8 bytes)
1714068825.171626 sending message 112 to peer 0x55557d3cecc0 (15 bytes)
1714068825.171629 sending message 112 to peer 0x55557d3cecc0 (13 bytes)
1714068825.171631 sending message 112 to peer 0x55557d3cecc0 (16 bytes)
1714068825.171633 sending message 112 to peer 0x55557d3cecc0 (16 bytes)
1714068825.171635 sending message 112 to peer 0x55557d3cecc0 (10 bytes)
1714068825.171638 sending message 112 to peer 0x55557d3cecc0 (8 bytes)
1714068825.171640 sending message 112 to peer 0x55557d3cecc0 (15 bytes)
1714068825.171642 sending message 112 to peer 0x55557d3cecc0 (13 bytes)
1714068825.171645 sending message 112 to peer 0x55557d3cecc0 (10 bytes)
1714068825.171647 sending message 112 to peer 0x55557d3cecc0 (10 bytes)
1714068825.171649 sending message 112 to peer 0x55557d3cecc0 (5 bytes)
1714068825.171651 sending message 112 to peer 0x55557d3cecc0 (15 bytes)
1714068825.171654 sending message 104 to peer 0x55557d3cecc0 (0 bytes)
1714068825.171657 sending message 110 to peer 0x55557d3cecc0 (0 bytes)
1714068825.171660 sending message 107 to peer 0x55557d3cecc0 (4 bytes)
1714068825.171662 sending message 105 to peer 0x55557d3cecc0 (54 bytes)
1714068825.171664 sending message 105 to peer 0x55557d3cecc0 (17 bytes)
1714068825.171667 sending message 105 to peer 0x55557d3cecc0 (17 bytes)
1714068825.171669 sending message 105 to peer 0x55557d3cecc0 (8 bytes)
1714068825.171671 sending message 105 to peer 0x55557d3cecc0 (14 bytes)
1714068825.171674 sending message 105 to peer 0x55557d3cecc0 (32 bytes)
1714068825.171676 sending message 105 to peer 0x55557d3cecc0 (1519 bytes)
1714068825.171683 sending message 105 to peer 0x55557d3cecc0 (15 bytes)
1714068825.171686 sending message 105 to peer 0x55557d3cecc0 (42 bytes)
1714068825.171688 sending message 105 to peer 0x55557d3cecc0 (11 bytes)
1714068825.171691 sending message 105 to peer 0x55557d3cecc0 (104 bytes)
1714068825.171693 sending message 105 to peer 0x55557d3cecc0 (39 bytes)
1714068825.171695 sending message 105 to peer 0x55557d3cecc0 (19 bytes)
1714068825.171698 sending message 105 to peer 0x55557d3cecc0 (8 bytes)
1714068825.171700 sending message 105 to peer 0x55557d3cecc0 (29 bytes)
1714068825.171703 sending message 105 to peer 0x55557d3cecc0 (43 bytes)
1714068825.171705 sending message 105 to peer 0x55557d3cecc0 (19 bytes)
1714068825.171707 sending message 105 to peer 0x55557d3cecc0 (12 bytes)
1714068825.171710 sending message 105 to peer 0x55557d3cecc0 (18 bytes)
1714068825.171712 sending message 105 to peer 0x55557d3cecc0 (26 bytes)
1714068825.171714 sending message 105 to peer 0x55557d3cecc0 (35 bytes)
1714068825.171716 sending message 105 to peer 0x55557d3cecc0 (13 bytes)
1714068825.171719 sending message 105 to peer 0x55557d3cecc0 (11 bytes)
1714068825.171723 sending message 105 to peer 0x55557d3cecc0 (31 bytes)
1714068825.171725 sending message 105 to peer 0x55557d3cecc0 (23 bytes)
1714068825.171728 sending message 105 to peer 0x55557d3cecc0 (17 bytes)
1714068825.171730 sending message 105 to peer 0x55557d3cecc0 (21 bytes)
1714068825.171732 sending message 105 to peer 0x55557d3cecc0 (27 bytes)
1714068825.171734 sending message 105 to peer 0x55557d3cecc0 (16 bytes)
1714068825.171737 sending message 106 to peer 0x55557d3cecc0 (0 bytes)
1714068825.171740 sending message 200 to peer 0x55557d3cecc0 (4 bytes)
1714068825.171743 client loop enter
1714068825.171941 peer 0x55557d3cecc0 message 303
1714068825.171948 open write file 2 -
1714068825.171953 sending message 305 to peer 0x55557d3cecc0 (8 bytes)
1714068825.171985 write check file 2
1714068825.172000 peer 0x55557d3cecc0 message 304
1714068825.172002 write 58 to file 2
1714068825.172005 peer 0x55557d3cecc0 message 203
1714068825.172008 file 2 58 bytes left
1714068825.172016 write check file 2
1714068825.172019 client loop exit
