1714068861.218202 client started (41646): version 3.2a, socket /tmp/tmux-1001/default, protocol 8
1714068861.218216 on Linux 5.15.0-105-generic #115-Ubuntu SMP Mon Apr 15 09:52:04 UTC 2024
1714068861.218219 using libevent 2.1.12-stable (poll); ncurses 6.3
1714068861.218230 flags are 0x18010000
1714068861.218233 socket is /tmp/tmux-1001/default
1714068861.218239 trying connect
1714068861.218362 add peer 0x56150959fa80: 6 ((nil))
1714068861.218518 sending message 100 to peer 0x56150959fa80 (4 bytes)
1714068861.218525 sending message 111 to peer 0x56150959fa80 (8 bytes)
1714068861.218527 sending message 101 to peer 0x56150959fa80 (15 bytes)
1714068861.218530 sending message 109 to peer 0x56150959fa80 (4 bytes)
1714068861.218532 sending message 102 to peer 0x56150959fa80 (11 bytes)
1714068861.218534 sending message 108 to peer 0x56150959fa80 (35 bytes)
1714068861.218536 sending message 112 to peer 0x56150959fa80 (58 bytes)
1714068861.218539 sending message 112 to peer 0x56150959fa80 (5 bytes)
1714068861.218541 sending message 112 to peer 0x56150959fa80 (5 bytes)
1714068861.218544 sending message 112 to peer 0x56150959fa80 (6 bytes)
1714068861.218546 sending message 112 to peer 0x56150959fa80 (6 bytes)
1714068861.218548 sending message 112 to peer 0x56150959fa80 (11 bytes)
1714068861.218551 sending message 112 to peer 0x56150959fa80 (10 bytes)
1714068861.218553 sending message 112 to peer 0x56150959fa80 (13 bytes)
1714068861.218555 sending message 112 to peer 0x56150959fa80 (14 bytes)
1714068861.218558 sending message 112 to peer 0x56150959fa80 (19 bytes)
1714068861.218560 sending message 112 to peer 0x56150959fa80 (11 bytes)
1714068861.218562 sending message 112 to peer 0x56150959fa80 (10 bytes)
1714068861.218565 sending message 112 to peer 0x56150959fa80 (15 bytes)
1714068861.218567 sending message 112 to peer 0x56150959fa80 (21 bytes)
1714068861.218569 sending message 112 to peer 0x56150959fa80 (13 bytes)
1714068861.218572 sending message 112 to peer 0x56150959fa80 (7 bytes)
1714068861.218575 sending message 112 to peer 0x56150959fa80 (13 bytes)
1714068861.218577 sending message 112 to peer 0x56150959fa80 (7 bytes)
1714068861.218579 sending message 112 to peer 0x56150959fa80 (13 bytes)
1714068861.218582 sending message 112 to peer 0x56150959fa80 (9 bytes)
1714068861.218584 sending message 112 to peer 0x56150959fa80 (21 bytes)
1714068861.218586 sending message 112 to peer 0x56150959fa80 (13 bytes)
1714068861.218589 sending message 112 to peer 0x56150959fa80 (9 bytes)
1714068861.218591 sending message 112 to peer 0x56150959fa80 (16 bytes)
1714068861.218594 sending message 112 to peer 0x56150959fa80 (13 bytes)
1714068861.218596 sending message 112 to peer 0x56150959fa80 (9 bytes)
1714068861.218598 sending message 112 to peer 0x56150959fa80 (9 bytes)
1714068861.218601 sending message 112 to peer 0x56150959fa80 (12 bytes)
1714068861.218603 sending message 112 to peer 0x56150959fa80 (8 bytes)
1714068861.218605 sending message 112 to peer 0x56150959fa80 (8 bytes)
1714068861.218608 sending message 112 to peer 0x56150959fa80 (13 bytes)
1714068861.218610 sending message 112 to peer 0x56150959fa80 (7 bytes)
1714068861.218612 sending message 112 to peer 0x56150959fa80 (7 bytes)
1714068861.218614 sending message 112 to peer 0x56150959fa80 (9 bytes)
1714068861.218617 sending message 112 to peer 0x56150959fa80 (9 bytes)
1714068861.218619 sending message 112 to peer 0x56150959fa80 (15 bytes)
1714068861.218621 sending message 112 to peer 0x56150959fa80 (13 bytes)
1714068861.218624 sending message 112 to peer 0x56150959fa80 (12 bytes)
1714068861.218626 sending message 112 to peer 0x56150959fa80 (8 bytes)
1714068861.218629 sending message 112 to peer 0x56150959fa80 (14 bytes)
1714068861.218631 sending message 112 to peer 0x56150959fa80 (11 bytes)
1714068861.218634 sending message 112 to peer 0x56150959fa80 (9 bytes)
1714068861.218636 sending message 112 to peer 0x56150959fa80 (10 bytes)
1714068861.218638 sending message 112 to peer 0x56150959fa80 (10 bytes)
1714068861.218640 sending message 112 to peer 0x56150959fa80 (10 bytes)
1714068861.218643 sending message 112 to peer 0x56150959fa80 (10 bytes)
1714068861.218649 sending message 112 to peer 0x56150959fa80 (11 bytes)
1714068861.218652 sending message 112 to peer 0x56150959fa80 (12 bytes)
1714068861.218654 sending message 112 to peer 0x56150959fa80 (12 bytes)
1714068861.218656 sending message 112 to peer 0x56150959fa80 (12 bytes)
1714068861.218658 sending message 112 to peer 0x56150959fa80 (12 bytes)
1714068861.218661 sending message 112 to peer 0x56150959fa80 (12 bytes)
1714068861.218663 sending message 112 to peer 0x56150959fa80 (11 bytes)
1714068861.218665 sending message 112 to peer 0x56150959fa80 (11 bytes)
1714068861.218668 sending message 112 to peer 0x56150959fa80 (12 bytes)
1714068861.218670 sending message 112 to peer 0x56150959fa80 (12 bytes)
1714068861.218672 sending message 112 to peer 0x56150959fa80 (12 bytes)
1714068861.218675 sending message 112 to peer 0x56150959fa80 (12 bytes)
1714068861.218677 sending message 112 to peer 0x56150959fa80 (12 bytes)
1714068861.218679 sending message 112 to peer 0x56150959fa80 (9 bytes)
1714068861.218682 sending message 112 to peer 0x56150959fa80 (12 bytes)
1714068861.218684 sending message 112 to peer 0x56150959fa80 (13 bytes)
1714068861.218686 sending message 112 to peer 0x56150959fa80 (13 bytes)
1714068861.218689 sending message 112 to peer 0x56150959fa80 (13 bytes)
1714068861.218691 sending message 112 to peer 0x56150959fa80 (13 bytes)
1714068861.218693 sending message 112 to peer 0x56150959fa80 (13 bytes)
1714068861.218695 sending message 112 to peer 0x56150959fa80 (8 bytes)
1714068861.218698 sending message 112 to peer 0x56150959fa80 (11 bytes)
1714068861.218700 sending message 112 to peer 0x56150959fa80 (11 bytes)
1714068861.218702 sending message 112 to peer 0x56150959fa80 (11 bytes)
1714068861.218705 sending message 112 to peer 0x56150959fa80 (12 bytes)
1714068861.218707 sending message 112 to peer 0x56150959fa80 (12 bytes)
1714068861.218709 sending message 112 to peer 0x56150959fa80 (12 bytes)
1714068861.218712 sending message 112 to peer 0x56150959fa80 (12 bytes)
1714068861.218714 sending message 112 to peer 0x56150959fa80 (13 bytes)
1714068861.218716 sending message 112 to peer 0x56150959fa80 (13 bytes)
1714068861.218718 sending message 112 to peer 0x56150959fa80 (13 bytes)
1714068861.218721 sending message 112 to peer 0x56150959fa80 (8 bytes)
1714068861.218723 sending message 112 to peer 0x56150959fa80 (13 bytes)
1714068861.218725 sending message 112 to peer 0x56150959fa80 (13 bytes)
1714068861.218728 sending message 112 to peer 0x56150959fa80 (13 bytes)
1714068861.218730 sending message 112 to peer 0x56150959fa80 (13 bytes)
1714068861.218732 sending message 112 to peer 0x56150959fa80 (13 bytes)
1714068861.218734 sending message 112 to peer 0x56150959fa80 (12 bytes)
1714068861.218737 sending message 112 to peer 0x56150959fa80 (12 bytes)
1714068861.218739 sending message 112 to peer 0x56150959fa80 (12 bytes)
1714068861.218741 sending message 112 to peer 0x56150959fa80 (12 bytes)
1714068861.218744 sending message 112 to peer 0x56150959fa80 (13 bytes)
1714068861.218746 sending message 112 to peer 0x56150959fa80 (8 bytes)
1714068861.218748 sending message 112 to peer 0x56150959fa80 (13 bytes)
1714068861.218750 sending message 112 to peer 0x56150959fa80 (13 bytes)
1714068861.218753 sending message 112 to peer 0x56150959fa80 (13 bytes)
1714068861.218755 sending message 112 to peer 0x56150959fa80 (13 bytes)
1714068861.218757 sending message 112 to peer 0x56150959fa80 (13 bytes)
1714068861.218760 sending message 112 to peer 0x56150959fa80 (13 bytes)
1714068861.218762 sending message 112 to peer 0x56150959fa80 (13 bytes)
1714068861.218764 sending message 112 to peer 0x56150959fa80 (12 bytes)
1714068861.218767 sending message 112 to peer 0x56150959fa80 (12 bytes)
1714068861.218769 sending message 112 to peer 0x56150959fa80 (12 bytes)
1714068861.218771 sending message 112 to peer 0x56150959fa80 (8 bytes)
1714068861.218774 sending message 112 to peer 0x56150959fa80 (12 bytes)
1714068861.218776 sending message 112 to peer 0x56150959fa80 (13 bytes)
1714068861.218778 sending message 112 to peer 0x56150959fa80 (13 bytes)
1714068861.218783 sending message 112 to peer 0x56150959fa80 (13 bytes)
1714068861.218785 sending message 112 to peer 0x56150959fa80 (13 bytes)
1714068861.218788 sending message 112 to peer 0x56150959fa80 (13 bytes)
1714068861.218790 sending message 112 to peer 0x56150959fa80 (13 bytes)
1714068861.218792 sending message 112 to peer 0x56150959fa80 (13 bytes)
1714068861.218794 sending message 112 to peer 0x56150959fa80 (13 bytes)
1714068861.218797 sending message 112 to peer 0x56150959fa80 (12 bytes)
1714068861.218799 sending message 112 to peer 0x56150959fa80 (10 bytes)
1714068861.218801 sending message 112 to peer 0x56150959fa80 (12 bytes)
1714068861.218804 sending message 112 to peer 0x56150959fa80 (12 bytes)
1714068861.218806 sending message 112 to peer 0x56150959fa80 (12 bytes)
1714068861.218808 sending message 112 to peer 0x56150959fa80 (13 bytes)
1714068861.218810 sending message 112 to peer 0x56150959fa80 (13 bytes)
1714068861.218813 sending message 112 to peer 0x56150959fa80 (13 bytes)
1714068861.218815 sending message 112 to peer 0x56150959fa80 (13 bytes)
1714068861.218818 sending message 112 to peer 0x56150959fa80 (13 bytes)
1714068861.218820 sending message 112 to peer 0x56150959fa80 (13 bytes)
1714068861.218822 sending message 112 to peer 0x56150959fa80 (13 bytes)
1714068861.218824 sending message 112 to peer 0x56150959fa80 (10 bytes)
1714068861.218827 sending message 112 to peer 0x56150959fa80 (13 bytes)
1714068861.218829 sending message 112 to peer 0x56150959fa80 (12 bytes)
1714068861.218831 sending message 112 to peer 0x56150959fa80 (12 bytes)
1714068861.218834 sending message 112 to peer 0x56150959fa80 (12 bytes)
1714068861.218836 sending message 112 to peer 0x56150959fa80 (10 bytes)
1714068861.218838 sending message 112 to peer 0x56150959fa80 (10 bytes)
1714068861.218840 sending message 112 to peer 0x56150959fa80 (10 bytes)
1714068861.218843 sending message 112 to peer 0x56150959fa80 (12 bytes)
1714068861.218845 sending message 112 to peer 0x56150959fa80 (13 bytes)
1714068861.218847 sending message 112 to peer 0x56150959fa80 (13 bytes)
1714068861.218849 sending message 112 to peer 0x56150959fa80 (13 bytes)
1714068861.218852 sending message 112 to peer 0x56150959fa80 (13 bytes)
1714068861.218854 sending message 112 to peer 0x56150959fa80 (13 bytes)
1714068861.218856 sending message 112 to peer 0x56150959fa80 (10 bytes)
1714068861.218858 sending message 112 to peer 0x56150959fa80 (11 bytes)
1714068861.218861 sending message 112 to peer 0x56150959fa80 (12 bytes)
1714068861.218863 sending message 112 to peer 0x56150959fa80 (12 bytes)
1714068861.218866 sending message 112 to peer 0x56150959fa80 (12 bytes)
1714068861.218868 sending message 112 to peer 0x56150959fa80 (12 bytes)
1714068861.218870 sending message 112 to peer 0x56150959fa80 (12 bytes)
1714068861.218873 sending message 112 to peer 0x56150959fa80 (11 bytes)
1714068861.218875 sending message 112 to peer 0x56150959fa80 (12 bytes)
1714068861.218877 sending message 112 to peer 0x56150959fa80 (12 bytes)
1714068861.218879 sending message 112 to peer 0x56150959fa80 (13 bytes)
1714068861.218882 sending message 112 to peer 0x56150959fa80 (13 bytes)
1714068861.218884 sending message 112 to peer 0x56150959fa80 (13 bytes)
1714068861.218887 sending message 112 to peer 0x56150959fa80 (13 bytes)
1714068861.218889 sending message 112 to peer 0x56150959fa80 (13 bytes)
1714068861.218891 sending message 112 to peer 0x56150959fa80 (10 bytes)
1714068861.218893 sending message 112 to peer 0x56150959fa80 (9 bytes)
1714068861.218896 sending message 112 to peer 0x56150959fa80 (12 bytes)
1714068861.218898 sending message 112 to peer 0x56150959fa80 (13 bytes)
1714068861.218900 sending message 112 to peer 0x56150959fa80 (13 bytes)
1714068861.218907 sending message 112 to peer 0x56150959fa80 (13 bytes)
1714068861.218911 sending message 112 to peer 0x56150959fa80 (13 bytes)
1714068861.218913 sending message 112 to peer 0x56150959fa80 (13 bytes)
1714068861.218916 sending message 112 to peer 0x56150959fa80 (9 bytes)
1714068861.218918 sending message 112 to peer 0x56150959fa80 (12 bytes)
1714068861.218922 sending message 112 to peer 0x56150959fa80 (13 bytes)
1714068861.218925 sending message 112 to peer 0x56150959fa80 (13 bytes)
1714068861.218928 sending message 112 to peer 0x56150959fa80 (13 bytes)
1714068861.218930 sending message 112 to peer 0x56150959fa80 (13 bytes)
1714068861.218932 sending message 112 to peer 0x56150959fa80 (13 bytes)
1714068861.218935 sending message 112 to peer 0x56150959fa80 (11 bytes)
1714068861.218937 sending message 112 to peer 0x56150959fa80 (12 bytes)
1714068861.218939 sending message 112 to peer 0x56150959fa80 (13 bytes)
1714068861.218942 sending message 112 to peer 0x56150959fa80 (13 bytes)
1714068861.218944 sending message 112 to peer 0x56150959fa80 (13 bytes)
1714068861.218946 sending message 112 to peer 0x56150959fa80 (13 bytes)
1714068861.218949 sending message 112 to peer 0x56150959fa80 (13 bytes)
1714068861.218951 sending message 112 to peer 0x56150959fa80 (11 bytes)
1714068861.218954 sending message 112 to peer 0x56150959fa80 (12 bytes)
1714068861.218956 sending message 112 to peer 0x56150959fa80 (12 bytes)
1714068861.218958 sending message 112 to peer 0x56150959fa80 (12 bytes)
1714068861.218960 sending message 112 to peer 0x56150959fa80 (12 bytes)
1714068861.218963 sending message 112 to peer 0x56150959fa80 (12 bytes)
1714068861.218965 sending message 112 to peer 0x56150959fa80 (21 bytes)
1714068861.218967 sending message 112 to peer 0x56150959fa80 (12 bytes)
1714068861.218970 sending message 112 to peer 0x56150959fa80 (9 bytes)
1714068861.218972 sending message 112 to peer 0x56150959fa80 (6 bytes)
1714068861.218974 sending message 112 to peer 0x56150959fa80 (13 bytes)
1714068861.218977 sending message 112 to peer 0x56150959fa80 (10 bytes)
1714068861.218979 sending message 112 to peer 0x56150959fa80 (24 bytes)
1714068861.218981 sending message 112 to peer 0x56150959fa80 (13 bytes)
1714068861.218984 sending message 112 to peer 0x56150959fa80 (9 bytes)
1714068861.218986 sending message 112 to peer 0x56150959fa80 (70 bytes)
1714068861.218989 sending message 112 to peer 0x56150959fa80 (69 bytes)
1714068861.218991 sending message 112 to peer 0x56150959fa80 (12 bytes)
1714068861.218993 sending message 112 to peer 0x56150959fa80 (10 bytes)
1714068861.218995 sending message 112 to peer 0x56150959fa80 (10 bytes)
1714068861.218998 sending message 112 to peer 0x56150959fa80 (24 bytes)
1714068861.219000 sending message 112 to peer 0x56150959fa80 (13 bytes)
1714068861.219003 sending message 112 to peer 0x56150959fa80 (10 bytes)
1714068861.219005 sending message 112 to peer 0x56150959fa80 (10 bytes)
1714068861.219007 sending message 112 to peer 0x56150959fa80 (10 bytes)
1714068861.219010 sending message 112 to peer 0x56150959fa80 (13 bytes)
1714068861.219012 sending message 112 to peer 0x56150959fa80 (15 bytes)
1714068861.219014 sending message 112 to peer 0x56150959fa80 (5 bytes)
1714068861.219017 sending message 104 to peer 0x56150959fa80 (0 bytes)
1714068861.219019 sending message 110 to peer 0x56150959fa80 (0 bytes)
1714068861.219022 sending message 107 to peer 0x56150959fa80 (4 bytes)
1714068861.219025 sending message 105 to peer 0x56150959fa80 (17 bytes)
1714068861.219027 sending message 105 to peer 0x56150959fa80 (11 bytes)
1714068861.219030 sending message 105 to peer 0x56150959fa80 (14 bytes)
1714068861.219032 sending message 105 to peer 0x56150959fa80 (17 bytes)
1714068861.219035 sending message 105 to peer 0x56150959fa80 (104 bytes)
1714068861.219037 sending message 105 to peer 0x56150959fa80 (19 bytes)
1714068861.219039 sending message 105 to peer 0x56150959fa80 (20 bytes)
1714068861.219042 sending message 105 to peer 0x56150959fa80 (17 bytes)
1714068861.219044 sending message 105 to peer 0x56150959fa80 (31 bytes)
1714068861.219046 sending message 105 to peer 0x56150959fa80 (54 bytes)
1714068861.219049 sending message 105 to peer 0x56150959fa80 (21 bytes)
1714068861.219051 sending message 105 to peer 0x56150959fa80 (23 bytes)
1714068861.219054 sending message 105 to peer 0x56150959fa80 (15 bytes)
1714068861.219056 sending message 105 to peer 0x56150959fa80 (29 bytes)
1714068861.219060 sending message 105 to peer 0x56150959fa80 (43 bytes)
1714068861.219063 sending message 105 to peer 0x56150959fa80 (19 bytes)
1714068861.219065 sending message 105 to peer 0x56150959fa80 (8 bytes)
1714068861.219067 sending message 105 to peer 0x56150959fa80 (39 bytes)
1714068861.219070 sending message 105 to peer 0x56150959fa80 (19 bytes)
1714068861.219072 sending message 105 to peer 0x56150959fa80 (27 bytes)
1714068861.219074 sending message 105 to peer 0x56150959fa80 (11 bytes)
1714068861.219076 sending message 105 to peer 0x56150959fa80 (8 bytes)
1714068861.219079 sending message 105 to peer 0x56150959fa80 (32 bytes)
1714068861.219081 sending message 105 to peer 0x56150959fa80 (1519 bytes)
1714068861.219086 sending message 105 to peer 0x56150959fa80 (16 bytes)
1714068861.219088 sending message 106 to peer 0x56150959fa80 (0 bytes)
1714068861.219093 sending message 200 to peer 0x56150959fa80 (4 bytes)
1714068861.219096 client loop enter
1714068861.220697 peer 0x56150959fa80 message 207
1714068861.220753 sending message 208 to peer 0x56150959fa80 (0 bytes)
1714068867.128822 peer 0x56150959fa80 message 201
1714068867.128837 sending message 205 to peer 0x56150959fa80 (0 bytes)
1714068867.129170 peer 0x56150959fa80 message 204
1714068867.129180 client loop exit
